# JRE version: Java(TM) SE Runtime Environment (8.0_51-b16) (build 1.8.0_51-b16)
# Java VM: Java HotSpot(TM) 64-Bit Server VM (25.51-b03 mixed mode windows-amd64 compressed oops)
Heap:
 PSYoungGen      total 32256K, used 2881K [0x000000076b380000, 0x000000076d480000, 0x00000007c0000000)
  eden space 30720K, 6% used [0x000000076b380000,0x000000076b550638,0x000000076d180000)
  from space 1536K, 66% used [0x000000076d300000,0x000000076d400000,0x000000076d480000)
  to   space 1536K, 0% used [0x000000076d180000,0x000000076d180000,0x000000076d300000)
 ParOldGen       total 175104K, used 51669K [0x00000006c1a00000, 0x00000006cc500000, 0x000000076b380000)
  object space 175104K, 29% used [0x00000006c1a00000,0x00000006c4c75658,0x00000006cc500000)
 Metaspace       used 5169K, capacity 5847K, committed 5888K, reserved 1056768K
  class space    used 489K, capacity 496K, committed 512K, reserved 1048576K
GC Heap History (10 events):
Event: 480.358 GC heap before
{Heap before GC invocations=102 (full 0):
 PSYoungGen      total 32256K, used 31712K [0x000000076b380000, 0x000000076d480000, 0x00000007c0000000)
  eden space 30720K, 100% used [0x000000076b380000,0x000000076d180000,0x000000076d180000)
  from space 1536K, 64% used [0x000000076d180000,0x000000076d278000,0x000000076d300000)
  to   space 1536K, 0% used [0x000000076d300000,0x000000076d300000,0x000000076d480000)
 ParOldGen       total 175104K, used 49877K [0x00000006c1a00000, 0x00000006cc500000, 0x000000076b380000)
  object space 175104K, 28% used [0x00000006c1a00000,0x00000006c4ab5648,0x00000006cc500000)
 Metaspace       used 5169K, capacity 5847K, committed 5888K, reserved 1056768K
  class space    used 489K, capacity 496K, committed 512K, reserved 1048576K
Event: 480.368 GC heap after
Heap after GC invocations=102 (full 0):
 PSYoungGen      total 32256K, used 992K [0x000000076b380000, 0x000000076d480000, 0x00000007c0000000)
  eden space 30720K, 0% used [0x000000076b380000,0x000000076b380000,0x000000076d180000)
  from space 1536K, 64% used [0x000000076d300000,0x000000076d3f8000,0x000000076d480000)
  to   space 1536K, 0% used [0x000000076d180000,0x000000076d180000,0x000000076d300000)
 ParOldGen       total 175104K, used 50237K [0x00000006c1a00000, 0x00000006cc500000, 0x000000076b380000)
  object space 175104K, 28% used [0x00000006c1a00000,0x00000006c4b0f658,0x00000006cc500000)
 Metaspace       used 5169K, capacity 5847K, committed 5888K, reserved 1056768K
  class space    used 489K, capacity 496K, committed 512K, reserved 1048576K
}
Event: 484.952 GC heap before
{Heap before GC invocations=103 (full 0):
 PSYoungGen      total 32256K, used 31712K [0x000000076b380000, 0x000000076d480000, 0x00000007c0000000)
  eden space 30720K, 100% used [0x000000076b380000,0x000000076d180000,0x000000076d180000)
  from space 1536K, 64% used [0x000000076d300000,0x000000076d3f8000,0x000000076d480000)
  to   space 1536K, 0% used [0x000000076d180000,0x000000076d180000,0x000000076d300000)
 ParOldGen       total 175104K, used 50237K [0x00000006c1a00000, 0x00000006cc500000, 0x000000076b380000)
  object space 175104K, 28% used [0x00000006c1a00000,0x00000006c4b0f658,0x00000006cc500000)
 Metaspace       used 5169K, capacity 5847K, committed 5888K, reserved 1056768K
  class space    used 489K, capacity 496K, committed 512K, reserved 1048576K
Event: 484.956 GC heap after
Heap after GC invocations=103 (full 0):
 PSYoungGen      total 32256K, used 960K [0x000000076b380000, 0x000000076d480000, 0x00000007c0000000)
  eden space 30720K, 0% used [0x000000076b380000,0x000000076b380000,0x000000076d180000)
  from space 1536K, 62% used [0x000000076d180000,0x000000076d270000,0x000000076d300000)
  to   space 1536K, 0% used [0x000000076d300000,0x000000076d300000,0x000000076d480000)
 ParOldGen       total 175104K, used 50589K [0x00000006c1a00000, 0x00000006cc500000, 0x000000076b380000)
  object space 175104K, 28% used [0x00000006c1a00000,0x00000006c4b67658,0x00000006cc500000)
 Metaspace       used 5169K, capacity 5847K, committed 5888K, reserved 1056768K
  class space    used 489K, capacity 496K, committed 512K, reserved 1048576K
}
Event: 490.688 GC heap before
{Heap before GC invocations=104 (full 0):
 PSYoungGen      total 32256K, used 31680K [0x000000076b380000, 0x000000076d480000, 0x00000007c0000000)
  eden space 30720K, 100% used [0x000000076b380000,0x000000076d180000,0x000000076d180000)
  from space 1536K, 62% used [0x000000076d180000,0x000000076d270000,0x000000076d300000)
  to   space 1536K, 0% used [0x000000076d300000,0x000000076d300000,0x000000076d480000)
 ParOldGen       total 175104K, used 50589K [0x00000006c1a00000, 0x00000006cc500000, 0x000000076b380000)
  object space 175104K, 28% used [0x00000006c1a00000,0x00000006c4b67658,0x00000006cc500000)
 Metaspace       used 5169K, capacity 5847K, committed 5888K, reserved 1056768K
  class space    used 489K, capacity 496K, committed 512K, reserved 1048576K
Event: 490.697 GC heap after
Heap after GC invocations=104 (full 0):
 PSYoungGen      total 32256K, used 1024K [0x000000076b380000, 0x000000076d480000, 0x00000007c0000000)
  eden space 30720K, 0% used [0x000000076b380000,0x000000076b380000,0x000000076d180000)
  from space 1536K, 66% used [0x000000076d300000,0x000000076d400000,0x000000076d480000)
  to   space 1536K, 0% used [0x000000076d180000,0x000000076d180000,0x000000076d300000)
 ParOldGen       total 175104K, used 50941K [0x00000006c1a00000, 0x00000006cc500000, 0x000000076b380000)
  object space 175104K, 29% used [0x00000006c1a00000,0x00000006c4bbf658,0x00000006cc500000)
 Metaspace       used 5169K, capacity 5847K, committed 5888K, reserved 1056768K
  class space    used 489K, capacity 496K, committed 512K, reserved 1048576K
}
Event: 499.650 GC heap before
{Heap before GC invocations=105 (full 0):
 PSYoungGen      total 32256K, used 31744K [0x000000076b380000, 0x000000076d480000, 0x00000007c0000000)
  eden space 30720K, 100% used [0x000000076b380000,0x000000076d180000,0x000000076d180000)
  from space 1536K, 66% used [0x000000076d300000,0x000000076d400000,0x000000076d480000)
  to   space 1536K, 0% used [0x000000076d180000,0x000000076d180000,0x000000076d300000)
 ParOldGen       total 175104K, used 50941K [0x00000006c1a00000, 0x00000006cc500000, 0x000000076b380000)
  object space 175104K, 29% used [0x00000006c1a00000,0x00000006c4bbf658,0x00000006cc500000)
 Metaspace       used 5169K, capacity 5847K, committed 5888K, reserved 1056768K
  class space    used 489K, capacity 496K, committed 512K, reserved 1048576K
Event: 499.732 GC heap after
Heap after GC invocations=105 (full 0):
 PSYoungGen      total 32256K, used 1024K [0x000000076b380000, 0x000000076d480000, 0x00000007c0000000)
  eden space 30720K, 0% used [0x000000076b380000,0x000000076b380000,0x000000076d180000)
  from space 1536K, 66% used [0x000000076d180000,0x000000076d280000,0x000000076d300000)
  to   space 1536K, 0% used [0x000000076d300000,0x000000076d300000,0x000000076d480000)
 ParOldGen       total 175104K, used 51309K [0x00000006c1a00000, 0x00000006cc500000, 0x000000076b380000)
  object space 175104K, 29% used [0x00000006c1a00000,0x00000006c4c1b658,0x00000006cc500000)
 Metaspace       used 5169K, capacity 5847K, committed 5888K, reserved 1056768K
  class space    used 489K, capacity 496K, committed 512K, reserved 1048576K
}
Event: 506.301 GC heap before
{Heap before GC invocations=106 (full 0):
 PSYoungGen      total 32256K, used 31744K [0x000000076b380000, 0x000000076d480000, 0x00000007c0000000)
  eden space 30720K, 100% used [0x000000076b380000,0x000000076d180000,0x000000076d180000)
  from space 1536K, 66% used [0x000000076d180000,0x000000076d280000,0x000000076d300000)
  to   space 1536K, 0% used [0x000000076d300000,0x000000076d300000,0x000000076d480000)
 ParOldGen       total 175104K, used 51309K [0x00000006c1a00000, 0x00000006cc500000, 0x000000076b380000)
  object space 175104K, 29% used [0x00000006c1a00000,0x00000006c4c1b658,0x00000006cc500000)
 Metaspace       used 5169K, capacity 5847K, committed 5888K, reserved 1056768K
  class space    used 489K, capacity 496K, committed 512K, reserved 1048576K
Event: 506.307 GC heap after
Heap after GC invocations=106 (full 0):
 PSYoungGen      total 32256K, used 1024K [0x000000076b380000, 0x000000076d480000, 0x00000007c0000000)
  eden space 30720K, 0% used [0x000000076b380000,0x000000076b380000,0x000000076d180000)
  from space 1536K, 66% used [0x000000076d300000,0x000000076d400000,0x000000076d480000)
  to   space 1536K, 0% used [0x000000076d180000,0x000000076d180000,0x000000076d300000)
 ParOldGen       total 175104K, used 51669K [0x00000006c1a00000, 0x00000006cc500000, 0x000000076b380000)
  object space 175104K, 29% used [0x00000006c1a00000,0x00000006c4c75658,0x00000006cc500000)
 Metaspace       used 5169K, capacity 5847K, committed 5888K, reserved 1056768K
  class space    used 489K, capacity 496K, committed 512K, reserved 1048576K
}

