# JRE version: Java(TM) SE Runtime Environment (8.0_51-b16) (build 1.8.0_51-b16)
# Java VM: Java HotSpot(TM) 64-Bit Server VM (25.51-b03 mixed mode windows-amd64 compressed oops)
Heap:
 PSYoungGen      total 32256K, used 7844K [0x000000076b380000, 0x000000076d480000, 0x00000007c0000000)
  eden space 30720K, 22% used [0x000000076b380000,0x000000076ba21248,0x000000076d180000)
  from space 1536K, 68% used [0x000000076d300000,0x000000076d408000,0x000000076d480000)
  to   space 1536K, 0% used [0x000000076d180000,0x000000076d180000,0x000000076d300000)
 ParOldGen       total 175104K, used 54037K [0x00000006c1a00000, 0x00000006cc500000, 0x000000076b380000)
  object space 175104K, 30% used [0x00000006c1a00000,0x00000006c4ec55a8,0x00000006cc500000)
 Metaspace       used 5174K, capacity 5847K, committed 5888K, reserved 1056768K
  class space    used 490K, capacity 496K, committed 512K, reserved 1048576K
GC Heap History (10 events):
Event: 501.243 GC heap before
{Heap before GC invocations=108 (full 0):
 PSYoungGen      total 32256K, used 31776K [0x000000076b380000, 0x000000076d480000, 0x00000007c0000000)
  eden space 30720K, 100% used [0x000000076b380000,0x000000076d180000,0x000000076d180000)
  from space 1536K, 68% used [0x000000076d180000,0x000000076d288000,0x000000076d300000)
  to   space 1536K, 0% used [0x000000076d300000,0x000000076d300000,0x000000076d480000)
 ParOldGen       total 175104K, used 52213K [0x00000006c1a00000, 0x00000006cc500000, 0x000000076b380000)
  object space 175104K, 29% used [0x00000006c1a00000,0x00000006c4cfd578,0x00000006cc500000)
 Metaspace       used 5174K, capacity 5847K, committed 5888K, reserved 1056768K
  class space    used 490K, capacity 496K, committed 512K, reserved 1048576K
Event: 501.246 GC heap after
Heap after GC invocations=108 (full 0):
 PSYoungGen      total 32256K, used 1024K [0x000000076b380000, 0x000000076d480000, 0x00000007c0000000)
  eden space 30720K, 0% used [0x000000076b380000,0x000000076b380000,0x000000076d180000)
  from space 1536K, 66% used [0x000000076d300000,0x000000076d400000,0x000000076d480000)
  to   space 1536K, 0% used [0x000000076d180000,0x000000076d180000,0x000000076d300000)
 ParOldGen       total 175104K, used 52573K [0x00000006c1a00000, 0x00000006cc500000, 0x000000076b380000)
  object space 175104K, 30% used [0x00000006c1a00000,0x00000006c4d57578,0x00000006cc500000)
 Metaspace       used 5174K, capacity 5847K, committed 5888K, reserved 1056768K
  class space    used 490K, capacity 496K, committed 512K, reserved 1048576K
}
Event: 506.141 GC heap before
{Heap before GC invocations=109 (full 0):
 PSYoungGen      total 32256K, used 31744K [0x000000076b380000, 0x000000076d480000, 0x00000007c0000000)
  eden space 30720K, 100% used [0x000000076b380000,0x000000076d180000,0x000000076d180000)
  from space 1536K, 66% used [0x000000076d300000,0x000000076d400000,0x000000076d480000)
  to   space 1536K, 0% used [0x000000076d180000,0x000000076d180000,0x000000076d300000)
 ParOldGen       total 175104K, used 52573K [0x00000006c1a00000, 0x00000006cc500000, 0x000000076b380000)
  object space 175104K, 30% used [0x00000006c1a00000,0x00000006c4d57578,0x00000006cc500000)
 Metaspace       used 5174K, capacity 5847K, committed 5888K, reserved 1056768K
  class space    used 490K, capacity 496K, committed 512K, reserved 1048576K
Event: 506.153 GC heap after
Heap after GC invocations=109 (full 0):
 PSYoungGen      total 32256K, used 992K [0x000000076b380000, 0x000000076d480000, 0x00000007c0000000)
  eden space 30720K, 0% used [0x000000076b380000,0x000000076b380000,0x000000076d180000)
  from space 1536K, 64% used [0x000000076d180000,0x000000076d278000,0x000000076d300000)
  to   space 1536K, 0% used [0x000000076d300000,0x000000076d300000,0x000000076d480000)
 ParOldGen       total 175104K, used 52933K [0x00000006c1a00000, 0x00000006cc500000, 0x000000076b380000)
  object space 175104K, 30% used [0x00000006c1a00000,0x00000006c4db1588,0x00000006cc500000)
 Metaspace       used 5174K, capacity 5847K, committed 5888K, reserved 1056768K
  class space    used 490K, capacity 496K, committed 512K, reserved 1048576K
}
Event: 511.107 GC heap before
{Heap before GC invocations=110 (full 0):
 PSYoungGen      total 32256K, used 31712K [0x000000076b380000, 0x000000076d480000, 0x00000007c0000000)
  eden space 30720K, 100% used [0x000000076b380000,0x000000076d180000,0x000000076d180000)
  from space 1536K, 64% used [0x000000076d180000,0x000000076d278000,0x000000076d300000)
  to   space 1536K, 0% used [0x000000076d300000,0x000000076d300000,0x000000076d480000)
 ParOldGen       total 175104K, used 52933K [0x00000006c1a00000, 0x00000006cc500000, 0x000000076b380000)
  object space 175104K, 30% used [0x00000006c1a00000,0x00000006c4db1588,0x00000006cc500000)
 Metaspace       used 5174K, capacity 5847K, committed 5888K, reserved 1056768K
  class space    used 490K, capacity 496K, committed 512K, reserved 1048576K
Event: 511.111 GC heap after
Heap after GC invocations=110 (full 0):
 PSYoungGen      total 32256K, used 1088K [0x000000076b380000, 0x000000076d480000, 0x00000007c0000000)
  eden space 30720K, 0% used [0x000000076b380000,0x000000076b380000,0x000000076d180000)
  from space 1536K, 70% used [0x000000076d300000,0x000000076d410000,0x000000076d480000)
  to   space 1536K, 0% used [0x000000076d180000,0x000000076d180000,0x000000076d300000)
 ParOldGen       total 175104K, used 53309K [0x00000006c1a00000, 0x00000006cc500000, 0x000000076b380000)
  object space 175104K, 30% used [0x00000006c1a00000,0x00000006c4e0f588,0x00000006cc500000)
 Metaspace       used 5174K, capacity 5847K, committed 5888K, reserved 1056768K
  class space    used 490K, capacity 496K, committed 512K, reserved 1048576K
}
Event: 516.608 GC heap before
{Heap before GC invocations=111 (full 0):
 PSYoungGen      total 32256K, used 31808K [0x000000076b380000, 0x000000076d480000, 0x00000007c0000000)
  eden space 30720K, 100% used [0x000000076b380000,0x000000076d180000,0x000000076d180000)
  from space 1536K, 70% used [0x000000076d300000,0x000000076d410000,0x000000076d480000)
  to   space 1536K, 0% used [0x000000076d180000,0x000000076d180000,0x000000076d300000)
 ParOldGen       total 175104K, used 53309K [0x00000006c1a00000, 0x00000006cc500000, 0x000000076b380000)
  object space 175104K, 30% used [0x00000006c1a00000,0x00000006c4e0f588,0x00000006cc500000)
 Metaspace       used 5174K, capacity 5847K, committed 5888K, reserved 1056768K
  class space    used 490K, capacity 496K, committed 512K, reserved 1048576K
Event: 516.623 GC heap after
Heap after GC invocations=111 (full 0):
 PSYoungGen      total 32256K, used 1024K [0x000000076b380000, 0x000000076d480000, 0x00000007c0000000)
  eden space 30720K, 0% used [0x000000076b380000,0x000000076b380000,0x000000076d180000)
  from space 1536K, 66% used [0x000000076d180000,0x000000076d280000,0x000000076d300000)
  to   space 1536K, 0% used [0x000000076d300000,0x000000076d300000,0x000000076d480000)
 ParOldGen       total 175104K, used 53669K [0x00000006c1a00000, 0x00000006cc500000, 0x000000076b380000)
  object space 175104K, 30% used [0x00000006c1a00000,0x00000006c4e69598,0x00000006cc500000)
 Metaspace       used 5174K, capacity 5847K, committed 5888K, reserved 1056768K
  class space    used 490K, capacity 496K, committed 512K, reserved 1048576K
}
Event: 523.339 GC heap before
{Heap before GC invocations=112 (full 0):
 PSYoungGen      total 32256K, used 31744K [0x000000076b380000, 0x000000076d480000, 0x00000007c0000000)
  eden space 30720K, 100% used [0x000000076b380000,0x000000076d180000,0x000000076d180000)
  from space 1536K, 66% used [0x000000076d180000,0x000000076d280000,0x000000076d300000)
  to   space 1536K, 0% used [0x000000076d300000,0x000000076d300000,0x000000076d480000)
 ParOldGen       total 175104K, used 53669K [0x00000006c1a00000, 0x00000006cc500000, 0x000000076b380000)
  object space 175104K, 30% used [0x00000006c1a00000,0x00000006c4e69598,0x00000006cc500000)
 Metaspace       used 5174K, capacity 5847K, committed 5888K, reserved 1056768K
  class space    used 490K, capacity 496K, committed 512K, reserved 1048576K
Event: 523.377 GC heap after
Heap after GC invocations=112 (full 0):
 PSYoungGen      total 32256K, used 1056K [0x000000076b380000, 0x000000076d480000, 0x00000007c0000000)
  eden space 30720K, 0% used [0x000000076b380000,0x000000076b380000,0x000000076d180000)
  from space 1536K, 68% used [0x000000076d300000,0x000000076d408000,0x000000076d480000)
  to   space 1536K, 0% used [0x000000076d180000,0x000000076d180000,0x000000076d300000)
 ParOldGen       total 175104K, used 54037K [0x00000006c1a00000, 0x00000006cc500000, 0x000000076b380000)
  object space 175104K, 30% used [0x00000006c1a00000,0x00000006c4ec55a8,0x00000006cc500000)
 Metaspace       used 5174K, capacity 5847K, committed 5888K, reserved 1056768K
  class space    used 490K, capacity 496K, committed 512K, reserved 1048576K
}

